<?xml version="1.0" encoding="UTF-8"?>
<!-- Generated by org.testng.reporters.JUnitReportReporter -->
<testsuite hostname="LAPTOP-URD1L83F" failures="0" tests="1" name="practice2githTest" time="0.026" errors="0" timestamp="2023-03-10T15:12:47 IST" skipped="0">
  <testcase classname="practice2githTest" name="test2" time="0.026"/>
  <system-out/>
</testsuite> <!-- practice2githTest -->
