<?xml version="1.0" encoding="UTF-8"?>
<!-- Generated by org.testng.reporters.JUnitReportReporter -->
<testsuite hostname="LAPTOP-URD1L83F" failures="0" tests="2" name="jenkins.pract1test" time="0.014" errors="0" timestamp="2023-03-12T22:03:43 IST" skipped="0">
  <testcase classname="jenkins.pract1test" name="ok1" time="0.001"/>
  <system-out/>
  <testcase classname="jenkins.pract1test" name="ok" time="0.013"/>
  <system-out/>
</testsuite> <!-- jenkins.pract1test -->
