<?xml version="1.0" encoding="UTF-8"?>
<!-- Generated by org.testng.reporters.JUnitReportReporter -->
<testsuite skipped="0" hostname="LAPTOP-URD1L83F" name="practice2githTest" tests="1" failures="0" timestamp="2023-03-10T15:42:19 IST" time="0.008" errors="0">
  <testcase name="test2" time="0.008" classname="practice2githTest"/>
  <system-out/>
</testsuite> <!-- practice2githTest -->
