<?xml version="1.0" encoding="UTF-8"?>
<!-- Generated by org.testng.reporters.JUnitReportReporter -->
<testsuite skipped="0" hostname="LAPTOP-URD1L83F" name="jenkins.practice1Test" tests="1" failures="0" timestamp="2023-03-12T22:06:42 IST" time="0.052" errors="0">
  <testcase name="test" time="0.052" classname="jenkins.practice1Test"/>
  <system-out/>
</testsuite> <!-- jenkins.practice1Test -->
