<?xml version="1.0" encoding="UTF-8"?>
<!-- Generated by org.testng.reporters.JUnitReportReporter -->
<testsuite skipped="0" hostname="LAPTOP-URD1L83F" name="jenkins.practice2githTest" tests="2" failures="0" timestamp="2023-03-10T17:25:34 IST" time="0.001" errors="0">
  <testcase name="test3" time="0.001" classname="jenkins.practice2githTest"/>
  <system-out/>
  <testcase name="test2" time="0.000" classname="jenkins.practice2githTest"/>
  <system-out/>
</testsuite> <!-- jenkins.practice2githTest -->
