<?xml version="1.0" encoding="UTF-8"?>
<!-- Generated by org.testng.reporters.JUnitReportReporter -->
<testsuite skipped="0" hostname="LAPTOP-URD1L83F" name="jenkins.pract2Test" tests="2" failures="0" timestamp="2023-03-12T22:13:24 IST" time="0.029" errors="0">
  <testcase name="ok" time="0.028" classname="jenkins.pract2Test"/>
  <system-out/>
  <testcase name="ok1" time="0.001" classname="jenkins.pract2Test"/>
  <system-out/>
</testsuite> <!-- jenkins.pract2Test -->
