<?xml version="1.0" encoding="UTF-8"?>
<!-- Generated by org.testng.reporters.JUnitReportReporter -->
<testsuite skipped="0" hostname="LAPTOP-URD1L83F" name="jenkins.pract1test" tests="2" failures="0" timestamp="2023-03-12T22:13:24 IST" time="0.001" errors="0">
  <testcase name="ok" time="0.001" classname="jenkins.pract1test"/>
  <system-out/>
  <testcase name="ok1" time="0.000" classname="jenkins.pract1test"/>
  <system-out/>
</testsuite> <!-- jenkins.pract1test -->
